2023-10-15 21:38:26.2528|ERROR|Login failed for username: |
2023-10-15 21:39:00.5876|ERROR|Login failed for username: |
2023-10-15 21:39:34.2090|ERROR|Login failed for username: ad|
2023-10-15 21:58:53.4260|ERROR|Login failed for username: .|
2023-10-15 22:21:31.1930|ERROR|Login failed for username: .|
2023-10-15 22:22:25.3955|ERROR|Login failed for username: asd.|
2023-10-15 23:21:18.1179|ERROR|Error deleting the product.|System.Data.SqlClient.SqlException (0x80131904): The DELETE statement conflicted with the REFERENCE constraint "FK__RecipeIng__Produ__412EB0B6". The conflict occurred in database "RecipeGenius", table "dbo.RecipeIngredients", column 'ProductID'.
The statement has been terminated.
   at System.Data.SqlClient.SqlConnection.OnError(SqlException exception, Boolean breakConnection, Action`1 wrapCloseInAction)
   at System.Data.SqlClient.SqlInternalConnection.OnError(SqlException exception, Boolean breakConnection, Action`1 wrapCloseInAction)
   at System.Data.SqlClient.TdsParser.ThrowExceptionAndWarning(TdsParserStateObject stateObj, Boolean callerHasConnectionLock, Boolean asyncClose)
   at System.Data.SqlClient.TdsParser.TryRun(RunBehavior runBehavior, SqlCommand cmdHandler, SqlDataReader dataStream, BulkCopySimpleResultSet bulkCopyHandler, TdsParserStateObject stateObj, Boolean& dataReady)
   at System.Data.SqlClient.SqlCommand.FinishExecuteReader(SqlDataReader ds, RunBehavior runBehavior, String resetOptionsString)
   at System.Data.SqlClient.SqlCommand.RunExecuteReaderTds(CommandBehavior cmdBehavior, RunBehavior runBehavior, Boolean returnStream, Boolean async, Int32 timeout, Task& task, Boolean asyncWrite, SqlDataReader ds)
   at System.Data.SqlClient.SqlCommand.RunExecuteReader(CommandBehavior cmdBehavior, RunBehavior runBehavior, Boolean returnStream, TaskCompletionSource`1 completion, Int32 timeout, Task& task, Boolean asyncWrite, String method)
   at System.Data.SqlClient.SqlCommand.InternalExecuteNonQuery(TaskCompletionSource`1 completion, Boolean sendToPipe, Int32 timeout, Boolean asyncWrite, String methodName)
   at System.Data.SqlClient.SqlCommand.ExecuteNonQuery()
   at RecipeGenius.Form5.productDeleteBtn_Click(Object sender, EventArgs e) in D:\Visual Studio c#\RecipeGeniusPro\Form5.cs:line 615
ClientConnectionId:3f99179b-2204-4dcc-b99a-a8206a7b8c65
Error Number:547,State:0,Class:16
